<?xml version="1.0" encoding="UTF-8"?>
<!-- Generated by org.testng.reporters.JUnitReportReporter -->
<testsuite skipped="0" hostname="RAKESH-PC" name="practice.report" tests="1" failures="0" timestamp="2021-08-25T16:09:34 IST" time="17.966" errors="0">
  <testcase name="homepage" time="17.966" classname="practice.report"/>
  <system-out/>
</testsuite> <!-- practice.report -->
