<?xml version="1.0" encoding="UTF-8"?>
<!-- Generated by org.testng.reporters.JUnitReportReporter -->
<testsuite skipped="0" hostname="RAKESH-PC" name="practice.screentest" tests="1" failures="0" timestamp="2021-08-26T13:04:42 IST" time="9.134" errors="0">
  <testcase name="check" time="9.134" classname="practice.screentest"/>
  <system-out/>
</testsuite> <!-- practice.screentest -->
