<?xml version="1.0" encoding="UTF-8"?>
<!-- Generated by org.testng.reporters.JUnitReportReporter -->
<testsuite skipped="0" hostname="RAKESH-PC" name="productpage.createproductpriceinfotest" tests="1" failures="0" timestamp="2021-09-04T10:20:51 IST" time="26.812" errors="0">
  <testcase name="createpriceinfotest" time="26.812" classname="productpage.createproductpriceinfotest"/>
  <system-out/>
</testsuite> <!-- productpage.createproductpriceinfotest -->
