<?xml version="1.0" encoding="UTF-8"?>
<!-- Generated by org.testng.reporters.JUnitReportReporter -->
<testsuite skipped="0" hostname="RAKESH-PC" name="productpage.createproductpagetest" tests="1" failures="0" timestamp="2021-09-04T10:20:51 IST" time="27.789" errors="0">
  <testcase name="createpagetest" time="27.789" classname="productpage.createproductpagetest"/>
  <system-out/>
</testsuite> <!-- productpage.createproductpagetest -->
