<?xml version="1.0" encoding="UTF-8"?>
<!-- Generated by org.testng.reporters.JUnitReportReporter -->
<testsuite skipped="0" hostname="RAKESH-PC" name="productpage.createproductpage" tests="1" failures="0" timestamp="2021-08-27T16:16:01 IST" time="28.371" errors="0">
  <testcase name="createproductpage" time="28.371" classname="productpage.createproductpage"/>
  <system-out/>
</testsuite> <!-- productpage.createproductpage -->
