<?xml version="1.0" encoding="UTF-8"?>
<!-- Generated by org.testng.reporters.JUnitReportReporter -->
<testsuite skipped="0" hostname="RAKESH-PC" name="productpage.createnewproductstock" tests="1" failures="0" timestamp="2021-08-27T16:15:12 IST" time="26.711" errors="0">
  <testcase name="createnewproductstocktest" time="26.711" classname="productpage.createnewproductstock"/>
  <system-out/>
</testsuite> <!-- productpage.createnewproductstock -->
