<?xml version="1.0" encoding="UTF-8"?>
<!-- Generated by org.testng.reporters.JUnitReportReporter -->
<testsuite skipped="0" hostname="RAKESH-PC" name="s1" tests="1" failures="0" timestamp="2021-08-21T20:28:21 IST" time="0.030" errors="0">
  <testcase name="test" time="0.030" classname="s1"/>
  <system-out/>
</testsuite> <!-- s1 -->
