<?xml version="1.0" encoding="UTF-8"?>
<!-- Generated by org.testng.reporters.JUnitReportReporter -->
<testsuite skipped="0" hostname="RAKESH-PC" name="productpage.createnewproductstocktest" tests="1" failures="0" timestamp="2021-09-04T10:20:51 IST" time="24.035" errors="0">
  <testcase name="createnewproducttest" time="24.035" classname="productpage.createnewproductstocktest"/>
  <system-out/>
</testsuite> <!-- productpage.createnewproductstocktest -->
