<?xml version="1.0" encoding="UTF-8"?>
<!-- Generated by org.testng.reporters.JUnitReportReporter -->
<testsuite skipped="0" hostname="RAKESH-PC" name="practice.tester6" tests="2" failures="0" timestamp="2021-08-23T15:32:59 IST" time="0.032" errors="0">
  <testcase name="test" time="0.021" classname="practice.tester6"/>
  <system-out/>
  <testcase name="test1" time="0.011" classname="practice.tester6"/>
  <system-out/>
</testsuite> <!-- practice.tester6 -->
