<?xml version="1.0" encoding="UTF-8"?>
<!-- Generated by org.testng.reporters.JUnitReportReporter -->
<testsuite skipped="0" hostname="RAKESH-PC" name="practice.screentest" tests="1" failures="0" timestamp="2021-09-04T10:11:56 IST" time="18.533" errors="0">
  <testcase name="check" time="18.533" classname="practice.screentest"/>
  <system-out/>
</testsuite> <!-- practice.screentest -->
