<?xml version="1.0" encoding="UTF-8"?>
<!-- Generated by org.testng.reporters.JUnitReportReporter -->
<testsuite skipped="0" hostname="RAKESH-PC" name="productpage.createproductpriceinfo" tests="1" failures="0" timestamp="2021-08-27T16:16:49 IST" time="28.144" errors="0">
  <testcase name="createproductpriceinfotest" time="28.144" classname="productpage.createproductpriceinfo"/>
  <system-out/>
</testsuite> <!-- productpage.createproductpriceinfo -->
